Start testing: Mar 05 16:53 EST
----------------------------------------------------------
1/8 Testing: InputParserTest.GetCmdOptionDefault
1/8 Test: InputParserTest.GetCmdOptionDefault
Command: "/Users/arika/Desktop/ShellRecorder/build/input_parser_test" "--gtest_filter=InputParserTest.GetCmdOptionDefault" "--gtest_also_run_disabled_tests"
Directory: /Users/arika/Desktop/ShellRecorder/build
"InputParserTest.GetCmdOptionDefault" start time: Mar 05 16:53 EST
Output:
----------------------------------------------------------
Running main() from /Users/arika/Desktop/ShellRecorder/build/_deps/googletest-src/googletest/src/gtest_main.cc
Note: Google Test filter = InputParserTest.GetCmdOptionDefault
[==========] Running 1 test from 1 test suite.
[----------] Global test environment set-up.
[----------] 1 test from InputParserTest
[ RUN      ] InputParserTest.GetCmdOptionDefault
[       OK ] InputParserTest.GetCmdOptionDefault (0 ms)
[----------] 1 test from InputParserTest (0 ms total)

[----------] Global test environment tear-down
[==========] 1 test from 1 test suite ran. (0 ms total)
[  PASSED  ] 1 test.
<end of output>
Test time =   0.00 sec
----------------------------------------------------------
Test Passed.
"InputParserTest.GetCmdOptionDefault" end time: Mar 05 16:53 EST
"InputParserTest.GetCmdOptionDefault" time elapsed: 00:00:00
----------------------------------------------------------

2/8 Testing: InputParserTest.GetCmdOptionInput
2/8 Test: InputParserTest.GetCmdOptionInput
Command: "/Users/arika/Desktop/ShellRecorder/build/input_parser_test" "--gtest_filter=InputParserTest.GetCmdOptionInput" "--gtest_also_run_disabled_tests"
Directory: /Users/arika/Desktop/ShellRecorder/build
"InputParserTest.GetCmdOptionInput" start time: Mar 05 16:53 EST
Output:
----------------------------------------------------------
Running main() from /Users/arika/Desktop/ShellRecorder/build/_deps/googletest-src/googletest/src/gtest_main.cc
Note: Google Test filter = InputParserTest.GetCmdOptionInput
[==========] Running 1 test from 1 test suite.
[----------] Global test environment set-up.
[----------] 1 test from InputParserTest
[ RUN      ] InputParserTest.GetCmdOptionInput
[       OK ] InputParserTest.GetCmdOptionInput (0 ms)
[----------] 1 test from InputParserTest (0 ms total)

[----------] Global test environment tear-down
[==========] 1 test from 1 test suite ran. (0 ms total)
[  PASSED  ] 1 test.
<end of output>
Test time =   0.00 sec
----------------------------------------------------------
Test Passed.
"InputParserTest.GetCmdOptionInput" end time: Mar 05 16:53 EST
"InputParserTest.GetCmdOptionInput" time elapsed: 00:00:00
----------------------------------------------------------

3/8 Testing: InputParserTest.OptionExists
3/8 Test: InputParserTest.OptionExists
Command: "/Users/arika/Desktop/ShellRecorder/build/input_parser_test" "--gtest_filter=InputParserTest.OptionExists" "--gtest_also_run_disabled_tests"
Directory: /Users/arika/Desktop/ShellRecorder/build
"InputParserTest.OptionExists" start time: Mar 05 16:53 EST
Output:
----------------------------------------------------------
Running main() from /Users/arika/Desktop/ShellRecorder/build/_deps/googletest-src/googletest/src/gtest_main.cc
Note: Google Test filter = InputParserTest.OptionExists
[==========] Running 1 test from 1 test suite.
[----------] Global test environment set-up.
[----------] 1 test from InputParserTest
[ RUN      ] InputParserTest.OptionExists
[       OK ] InputParserTest.OptionExists (0 ms)
[----------] 1 test from InputParserTest (0 ms total)

[----------] Global test environment tear-down
[==========] 1 test from 1 test suite ran. (0 ms total)
[  PASSED  ] 1 test.
<end of output>
Test time =   0.00 sec
----------------------------------------------------------
Test Passed.
"InputParserTest.OptionExists" end time: Mar 05 16:53 EST
"InputParserTest.OptionExists" time elapsed: 00:00:00
----------------------------------------------------------

4/8 Testing: InputParserTest.OptionNotExists
4/8 Test: InputParserTest.OptionNotExists
Command: "/Users/arika/Desktop/ShellRecorder/build/input_parser_test" "--gtest_filter=InputParserTest.OptionNotExists" "--gtest_also_run_disabled_tests"
Directory: /Users/arika/Desktop/ShellRecorder/build
"InputParserTest.OptionNotExists" start time: Mar 05 16:53 EST
Output:
----------------------------------------------------------
Running main() from /Users/arika/Desktop/ShellRecorder/build/_deps/googletest-src/googletest/src/gtest_main.cc
Note: Google Test filter = InputParserTest.OptionNotExists
[==========] Running 1 test from 1 test suite.
[----------] Global test environment set-up.
[----------] 1 test from InputParserTest
[ RUN      ] InputParserTest.OptionNotExists
[       OK ] InputParserTest.OptionNotExists (0 ms)
[----------] 1 test from InputParserTest (0 ms total)

[----------] Global test environment tear-down
[==========] 1 test from 1 test suite ran. (0 ms total)
[  PASSED  ] 1 test.
<end of output>
Test time =   0.00 sec
----------------------------------------------------------
Test Passed.
"InputParserTest.OptionNotExists" end time: Mar 05 16:53 EST
"InputParserTest.OptionNotExists" time elapsed: 00:00:00
----------------------------------------------------------

5/8 Testing: LaunchRecordTest.Input
5/8 Test: LaunchRecordTest.Input
Command: "/Users/arika/Desktop/ShellRecorder/build/launch_record_test" "--gtest_filter=LaunchRecordTest.Input" "--gtest_also_run_disabled_tests"
Directory: /Users/arika/Desktop/ShellRecorder/build
"LaunchRecordTest.Input" start time: Mar 05 16:53 EST
Output:
----------------------------------------------------------
Running main() from /Users/arika/Desktop/ShellRecorder/build/_deps/googletest-src/googletest/src/gtest_main.cc
Note: Google Test filter = LaunchRecordTest.Input
[==========] Running 1 test from 1 test suite.
[----------] Global test environment set-up.
[----------] 1 test from LaunchRecordTest
[ RUN      ] LaunchRecordTest.Input
[       OK ] LaunchRecordTest.Input (0 ms)
[----------] 1 test from LaunchRecordTest (0 ms total)

[----------] Global test environment tear-down
[==========] 1 test from 1 test suite ran. (0 ms total)
[  PASSED  ] 1 test.
<end of output>
Test time =   0.00 sec
----------------------------------------------------------
Test Passed.
"LaunchRecordTest.Input" end time: Mar 05 16:53 EST
"LaunchRecordTest.Input" time elapsed: 00:00:00
----------------------------------------------------------

6/8 Testing: LaunchRecordTest.Content
6/8 Test: LaunchRecordTest.Content
Command: "/Users/arika/Desktop/ShellRecorder/build/launch_record_test" "--gtest_filter=LaunchRecordTest.Content" "--gtest_also_run_disabled_tests"
Directory: /Users/arika/Desktop/ShellRecorder/build
"LaunchRecordTest.Content" start time: Mar 05 16:53 EST
Output:
----------------------------------------------------------
Running main() from /Users/arika/Desktop/ShellRecorder/build/_deps/googletest-src/googletest/src/gtest_main.cc
Note: Google Test filter = LaunchRecordTest.Content
[==========] Running 1 test from 1 test suite.
[----------] Global test environment set-up.
[----------] 1 test from LaunchRecordTest
[ RUN      ] LaunchRecordTest.Content
[       OK ] LaunchRecordTest.Content (0 ms)
[----------] 1 test from LaunchRecordTest (0 ms total)

[----------] Global test environment tear-down
[==========] 1 test from 1 test suite ran. (0 ms total)
[  PASSED  ] 1 test.
<end of output>
Test time =   0.00 sec
----------------------------------------------------------
Test Passed.
"LaunchRecordTest.Content" end time: Mar 05 16:53 EST
"LaunchRecordTest.Content" time elapsed: 00:00:00
----------------------------------------------------------

7/8 Testing: LaunchRecordTest.Permission
7/8 Test: LaunchRecordTest.Permission
Command: "/Users/arika/Desktop/ShellRecorder/build/launch_record_test" "--gtest_filter=LaunchRecordTest.Permission" "--gtest_also_run_disabled_tests"
Directory: /Users/arika/Desktop/ShellRecorder/build
"LaunchRecordTest.Permission" start time: Mar 05 16:53 EST
Output:
----------------------------------------------------------
Running main() from /Users/arika/Desktop/ShellRecorder/build/_deps/googletest-src/googletest/src/gtest_main.cc
Note: Google Test filter = LaunchRecordTest.Permission
[==========] Running 1 test from 1 test suite.
[----------] Global test environment set-up.
[----------] 1 test from LaunchRecordTest
[ RUN      ] LaunchRecordTest.Permission
[       OK ] LaunchRecordTest.Permission (3 ms)
[----------] 1 test from LaunchRecordTest (3 ms total)

[----------] Global test environment tear-down
[==========] 1 test from 1 test suite ran. (3 ms total)
[  PASSED  ] 1 test.
<end of output>
Test time =   0.01 sec
----------------------------------------------------------
Test Passed.
"LaunchRecordTest.Permission" end time: Mar 05 16:53 EST
"LaunchRecordTest.Permission" time elapsed: 00:00:00
----------------------------------------------------------

8/8 Testing: IntegrationTest.all
8/8 Test: IntegrationTest.all
Command: "/Users/arika/Desktop/ShellRecorder/build/integration_test" "--gtest_filter=IntegrationTest.all" "--gtest_also_run_disabled_tests"
Directory: /Users/arika/Desktop/ShellRecorder/build
"IntegrationTest.all" start time: Mar 05 16:53 EST
Output:
----------------------------------------------------------
Running main() from /Users/arika/Desktop/ShellRecorder/build/_deps/googletest-src/googletest/src/gtest_main.cc
Note: Google Test filter = IntegrationTest.all
[==========] Running 1 test from 1 test suite.
[----------] Global test environment set-up.
[----------] 1 test from IntegrationTest
[ RUN      ] IntegrationTest.all
[       OK ] IntegrationTest.all (0 ms)
[----------] 1 test from IntegrationTest (0 ms total)

[----------] Global test environment tear-down
[==========] 1 test from 1 test suite ran. (0 ms total)
[  PASSED  ] 1 test.
<end of output>
Test time =   0.00 sec
----------------------------------------------------------
Test Passed.
"IntegrationTest.all" end time: Mar 05 16:53 EST
"IntegrationTest.all" time elapsed: 00:00:00
----------------------------------------------------------

End testing: Mar 05 16:53 EST
