Start testing: Mar 05 02:02 EST
----------------------------------------------------------
1/7 Testing: InputParserTest.GetCmdOptionDefault
1/7 Test: InputParserTest.GetCmdOptionDefault
Command: "/Users/arika/Desktop/ShellRecorder/code/build/input_parser_test" "--gtest_filter=InputParserTest.GetCmdOptionDefault" "--gtest_also_run_disabled_tests"
Directory: /Users/arika/Desktop/ShellRecorder/code/build
"InputParserTest.GetCmdOptionDefault" start time: Mar 05 02:02 EST
Output:
----------------------------------------------------------
Running main() from /Users/arika/Desktop/ShellRecorder/code/build/_deps/googletest-src/googletest/src/gtest_main.cc
Note: Google Test filter = InputParserTest.GetCmdOptionDefault
[==========] Running 1 test from 1 test suite.
[----------] Global test environment set-up.
[----------] 1 test from InputParserTest
[ RUN      ] InputParserTest.GetCmdOptionDefault
[       OK ] InputParserTest.GetCmdOptionDefault (0 ms)
[----------] 1 test from InputParserTest (0 ms total)

[----------] Global test environment tear-down
[==========] 1 test from 1 test suite ran. (0 ms total)
[  PASSED  ] 1 test.
<end of output>
Test time =   0.01 sec
----------------------------------------------------------
Test Passed.
"InputParserTest.GetCmdOptionDefault" end time: Mar 05 02:02 EST
"InputParserTest.GetCmdOptionDefault" time elapsed: 00:00:00
----------------------------------------------------------

2/7 Testing: InputParserTest.GetCmdOptionInput
2/7 Test: InputParserTest.GetCmdOptionInput
Command: "/Users/arika/Desktop/ShellRecorder/code/build/input_parser_test" "--gtest_filter=InputParserTest.GetCmdOptionInput" "--gtest_also_run_disabled_tests"
Directory: /Users/arika/Desktop/ShellRecorder/code/build
"InputParserTest.GetCmdOptionInput" start time: Mar 05 02:02 EST
Output:
----------------------------------------------------------
Running main() from /Users/arika/Desktop/ShellRecorder/code/build/_deps/googletest-src/googletest/src/gtest_main.cc
Note: Google Test filter = InputParserTest.GetCmdOptionInput
[==========] Running 1 test from 1 test suite.
[----------] Global test environment set-up.
[----------] 1 test from InputParserTest
[ RUN      ] InputParserTest.GetCmdOptionInput
[       OK ] InputParserTest.GetCmdOptionInput (0 ms)
[----------] 1 test from InputParserTest (0 ms total)

[----------] Global test environment tear-down
[==========] 1 test from 1 test suite ran. (0 ms total)
[  PASSED  ] 1 test.
<end of output>
Test time =   0.00 sec
----------------------------------------------------------
Test Passed.
"InputParserTest.GetCmdOptionInput" end time: Mar 05 02:02 EST
"InputParserTest.GetCmdOptionInput" time elapsed: 00:00:00
----------------------------------------------------------

3/7 Testing: InputParserTest.OptionExists
3/7 Test: InputParserTest.OptionExists
Command: "/Users/arika/Desktop/ShellRecorder/code/build/input_parser_test" "--gtest_filter=InputParserTest.OptionExists" "--gtest_also_run_disabled_tests"
Directory: /Users/arika/Desktop/ShellRecorder/code/build
"InputParserTest.OptionExists" start time: Mar 05 02:02 EST
Output:
----------------------------------------------------------
Running main() from /Users/arika/Desktop/ShellRecorder/code/build/_deps/googletest-src/googletest/src/gtest_main.cc
Note: Google Test filter = InputParserTest.OptionExists
[==========] Running 1 test from 1 test suite.
[----------] Global test environment set-up.
[----------] 1 test from InputParserTest
[ RUN      ] InputParserTest.OptionExists
[       OK ] InputParserTest.OptionExists (0 ms)
[----------] 1 test from InputParserTest (0 ms total)

[----------] Global test environment tear-down
[==========] 1 test from 1 test suite ran. (0 ms total)
[  PASSED  ] 1 test.
<end of output>
Test time =   0.00 sec
----------------------------------------------------------
Test Passed.
"InputParserTest.OptionExists" end time: Mar 05 02:02 EST
"InputParserTest.OptionExists" time elapsed: 00:00:00
----------------------------------------------------------

4/7 Testing: InputParserTest.OptionNotExists
4/7 Test: InputParserTest.OptionNotExists
Command: "/Users/arika/Desktop/ShellRecorder/code/build/input_parser_test" "--gtest_filter=InputParserTest.OptionNotExists" "--gtest_also_run_disabled_tests"
Directory: /Users/arika/Desktop/ShellRecorder/code/build
"InputParserTest.OptionNotExists" start time: Mar 05 02:02 EST
Output:
----------------------------------------------------------
Running main() from /Users/arika/Desktop/ShellRecorder/code/build/_deps/googletest-src/googletest/src/gtest_main.cc
Note: Google Test filter = InputParserTest.OptionNotExists
[==========] Running 1 test from 1 test suite.
[----------] Global test environment set-up.
[----------] 1 test from InputParserTest
[ RUN      ] InputParserTest.OptionNotExists
[       OK ] InputParserTest.OptionNotExists (0 ms)
[----------] 1 test from InputParserTest (0 ms total)

[----------] Global test environment tear-down
[==========] 1 test from 1 test suite ran. (0 ms total)
[  PASSED  ] 1 test.
<end of output>
Test time =   0.00 sec
----------------------------------------------------------
Test Passed.
"InputParserTest.OptionNotExists" end time: Mar 05 02:02 EST
"InputParserTest.OptionNotExists" time elapsed: 00:00:00
----------------------------------------------------------

5/7 Testing: LaunchRecordTest.Input
5/7 Test: LaunchRecordTest.Input
Command: "/Users/arika/Desktop/ShellRecorder/code/build/launch_record_test" "--gtest_filter=LaunchRecordTest.Input" "--gtest_also_run_disabled_tests"
Directory: /Users/arika/Desktop/ShellRecorder/code/build
"LaunchRecordTest.Input" start time: Mar 05 02:02 EST
Output:
----------------------------------------------------------
Running main() from /Users/arika/Desktop/ShellRecorder/code/build/_deps/googletest-src/googletest/src/gtest_main.cc
Note: Google Test filter = LaunchRecordTest.Input
[==========] Running 1 test from 1 test suite.
[----------] Global test environment set-up.
[----------] 1 test from LaunchRecordTest
[ RUN      ] LaunchRecordTest.Input
CMakeCache.txt
CMakeFiles
CTestTestfile.cmake
Makefile
Testing
_deps
bin
cmake_install.cmake
input_parser_test
input_parser_test[1]_include.cmake
input_parser_test[1]_tests.cmake
launch_record_test
launch_record_test[1]_include.cmake
launch_record_test[1]_tests.cmake
lib
record_output.sh
[       OK ] LaunchRecordTest.Input (5 ms)
[----------] 1 test from LaunchRecordTest (5 ms total)

[----------] Global test environment tear-down
[==========] 1 test from 1 test suite ran. (5 ms total)
[  PASSED  ] 1 test.
<end of output>
Test time =   0.01 sec
----------------------------------------------------------
Test Passed.
"LaunchRecordTest.Input" end time: Mar 05 02:02 EST
"LaunchRecordTest.Input" time elapsed: 00:00:00
----------------------------------------------------------

6/7 Testing: LaunchRecordTest.Content
6/7 Test: LaunchRecordTest.Content
Command: "/Users/arika/Desktop/ShellRecorder/code/build/launch_record_test" "--gtest_filter=LaunchRecordTest.Content" "--gtest_also_run_disabled_tests"
Directory: /Users/arika/Desktop/ShellRecorder/code/build
"LaunchRecordTest.Content" start time: Mar 05 02:02 EST
Output:
----------------------------------------------------------
Running main() from /Users/arika/Desktop/ShellRecorder/code/build/_deps/googletest-src/googletest/src/gtest_main.cc
Note: Google Test filter = LaunchRecordTest.Content
[==========] Running 1 test from 1 test suite.
[----------] Global test environment set-up.
[----------] 1 test from LaunchRecordTest
[ RUN      ] LaunchRecordTest.Content
[       OK ] LaunchRecordTest.Content (0 ms)
[----------] 1 test from LaunchRecordTest (0 ms total)

[----------] Global test environment tear-down
[==========] 1 test from 1 test suite ran. (0 ms total)
[  PASSED  ] 1 test.
<end of output>
Test time =   0.00 sec
----------------------------------------------------------
Test Passed.
"LaunchRecordTest.Content" end time: Mar 05 02:02 EST
"LaunchRecordTest.Content" time elapsed: 00:00:00
----------------------------------------------------------

7/7 Testing: LaunchRecordTest.Permission
7/7 Test: LaunchRecordTest.Permission
Command: "/Users/arika/Desktop/ShellRecorder/code/build/launch_record_test" "--gtest_filter=LaunchRecordTest.Permission" "--gtest_also_run_disabled_tests"
Directory: /Users/arika/Desktop/ShellRecorder/code/build
"LaunchRecordTest.Permission" start time: Mar 05 02:02 EST
Output:
----------------------------------------------------------
Running main() from /Users/arika/Desktop/ShellRecorder/code/build/_deps/googletest-src/googletest/src/gtest_main.cc
Note: Google Test filter = LaunchRecordTest.Permission
[==========] Running 1 test from 1 test suite.
[----------] Global test environment set-up.
[----------] 1 test from LaunchRecordTest
[ RUN      ] LaunchRecordTest.Permission
[       OK ] LaunchRecordTest.Permission (3 ms)
[----------] 1 test from LaunchRecordTest (3 ms total)

[----------] Global test environment tear-down
[==========] 1 test from 1 test suite ran. (3 ms total)
[  PASSED  ] 1 test.
<end of output>
Test time =   0.01 sec
----------------------------------------------------------
Test Passed.
"LaunchRecordTest.Permission" end time: Mar 05 02:02 EST
"LaunchRecordTest.Permission" time elapsed: 00:00:00
----------------------------------------------------------

End testing: Mar 05 02:02 EST
